<?xml version="1.0" encoding="UTF-8"?>
<testng-results skipped="0" failed="0" ignored="0" total="1" passed="1">
  <reporter-output>
  </reporter-output>
  <suite name="Default suite" duration-ms="2623" started-at="2020-10-03T06:35:38 IST" finished-at="2020-10-03T06:35:40 IST">
    <groups>
    </groups>
    <test name="Default test" duration-ms="2623" started-at="2020-10-03T06:35:38 IST" finished-at="2020-10-03T06:35:40 IST">
      <class name="apiTest.Test_Put">
        <test-method status="PASS" signature="put_Test()[pri:0, instance:apiTest.Test_Put@79be0360]" name="put_Test" duration-ms="2558" started-at="2020-10-03T06:35:38 IST" finished-at="2020-10-03T06:35:40 IST">
          <reporter-output>
          </reporter-output>
        </test-method> <!-- put_Test -->
      </class> <!-- apiTest.Test_Put -->
    </test> <!-- Default test -->
  </suite> <!-- Default suite -->
</testng-results>
